0 info it worked if it ends with ok
1 verbose cli [ 'C:\\Program Files\\nodejs\\node.exe',
1 verbose cli   'C:\\Program Files\\nodejs\\node_modules\\npm\\bin\\npm-cli.js',
1 verbose cli   'install',
1 verbose cli   'sinon',
1 verbose cli   '--save' ]
2 info using npm@2.15.9
3 info using node@v4.5.0
4 verbose install initial load of C:\Users\Dimitri Nazarov\Documents\projects\game-life\package.json
5 warn package.json TheGameOfLife@1.0.0 No repository field.
6 verbose installManyTop reading scoped package data from C:\Users\Dimitri Nazarov\Documents\projects\game-life\node_modules\autoprefixer\package.json
7 verbose installManyTop reading scoped package data from C:\Users\Dimitri Nazarov\Documents\projects\game-life\node_modules\babel-core\package.json
8 verbose installManyTop reading scoped package data from C:\Users\Dimitri Nazarov\Documents\projects\game-life\node_modules\babel-eslint\package.json
9 verbose installManyTop reading scoped package data from C:\Users\Dimitri Nazarov\Documents\projects\game-life\node_modules\babel-istanbul-loader\package.json
10 verbose installManyTop reading scoped package data from C:\Users\Dimitri Nazarov\Documents\projects\game-life\node_modules\babel-loader\package.json
11 verbose installManyTop reading scoped package data from C:\Users\Dimitri Nazarov\Documents\projects\game-life\node_modules\babel-plugin-transform-runtime\package.json
12 verbose installManyTop reading scoped package data from C:\Users\Dimitri Nazarov\Documents\projects\game-life\node_modules\babel-polyfill\package.json
13 verbose installManyTop reading scoped package data from C:\Users\Dimitri Nazarov\Documents\projects\game-life\node_modules\babel-preset-es2015\package.json
14 verbose installManyTop reading scoped package data from C:\Users\Dimitri Nazarov\Documents\projects\game-life\node_modules\babel-preset-react\package.json
15 verbose installManyTop reading scoped package data from C:\Users\Dimitri Nazarov\Documents\projects\game-life\node_modules\babel-preset-stage-0\package.json
16 verbose installManyTop reading scoped package data from C:\Users\Dimitri Nazarov\Documents\projects\game-life\node_modules\babel-runtime\package.json
17 verbose installManyTop reading scoped package data from C:\Users\Dimitri Nazarov\Documents\projects\game-life\node_modules\chai\package.json
18 verbose installManyTop reading scoped package data from C:\Users\Dimitri Nazarov\Documents\projects\game-life\node_modules\css-loader\package.json
19 verbose installManyTop reading scoped package data from C:\Users\Dimitri Nazarov\Documents\projects\game-life\node_modules\enzyme\package.json
20 verbose installManyTop reading scoped package data from C:\Users\Dimitri Nazarov\Documents\projects\game-life\node_modules\eslint\package.json
21 verbose installManyTop reading scoped package data from C:\Users\Dimitri Nazarov\Documents\projects\game-life\node_modules\eslint-loader\package.json
22 verbose installManyTop reading scoped package data from C:\Users\Dimitri Nazarov\Documents\projects\game-life\node_modules\eslint-plugin-react\package.json
23 verbose installManyTop reading scoped package data from C:\Users\Dimitri Nazarov\Documents\projects\game-life\node_modules\express\package.json
24 verbose installManyTop reading scoped package data from C:\Users\Dimitri Nazarov\Documents\projects\game-life\node_modules\file-loader\package.json
25 verbose installManyTop reading scoped package data from C:\Users\Dimitri Nazarov\Documents\projects\game-life\node_modules\font-loader\package.json
26 verbose installManyTop reading scoped package data from C:\Users\Dimitri Nazarov\Documents\projects\game-life\node_modules\jasmine\package.json
27 verbose installManyTop reading scoped package data from C:\Users\Dimitri Nazarov\Documents\projects\game-life\node_modules\jasmine-core\package.json
28 verbose installManyTop reading scoped package data from C:\Users\Dimitri Nazarov\Documents\projects\game-life\node_modules\jasmine-sinon\package.json
29 verbose installManyTop reading scoped package data from C:\Users\Dimitri Nazarov\Documents\projects\game-life\node_modules\json-loader\package.json
30 verbose installManyTop reading scoped package data from C:\Users\Dimitri Nazarov\Documents\projects\game-life\node_modules\karma\package.json
31 verbose installManyTop reading scoped package data from C:\Users\Dimitri Nazarov\Documents\projects\game-life\node_modules\karma-chai\package.json
32 verbose installManyTop reading scoped package data from C:\Users\Dimitri Nazarov\Documents\projects\game-life\node_modules\karma-coverage\package.json
33 verbose installManyTop reading scoped package data from C:\Users\Dimitri Nazarov\Documents\projects\game-life\node_modules\karma-jasmine\package.json
34 verbose installManyTop reading scoped package data from C:\Users\Dimitri Nazarov\Documents\projects\game-life\node_modules\karma-jasmine-sinon\package.json
35 verbose installManyTop reading scoped package data from C:\Users\Dimitri Nazarov\Documents\projects\game-life\node_modules\karma-mocha\package.json
36 verbose installManyTop reading scoped package data from C:\Users\Dimitri Nazarov\Documents\projects\game-life\node_modules\karma-mocha-reporter\package.json
37 verbose installManyTop reading scoped package data from C:\Users\Dimitri Nazarov\Documents\projects\game-life\node_modules\karma-phantomjs-launcher\package.json
38 verbose installManyTop reading scoped package data from C:\Users\Dimitri Nazarov\Documents\projects\game-life\node_modules\karma-sinon\package.json
39 verbose installManyTop reading scoped package data from C:\Users\Dimitri Nazarov\Documents\projects\game-life\node_modules\karma-sourcemap-loader\package.json
40 verbose installManyTop reading scoped package data from C:\Users\Dimitri Nazarov\Documents\projects\game-life\node_modules\karma-webpack\package.json
41 verbose installManyTop reading scoped package data from C:\Users\Dimitri Nazarov\Documents\projects\game-life\node_modules\mocha\package.json
42 verbose installManyTop reading scoped package data from C:\Users\Dimitri Nazarov\Documents\projects\game-life\node_modules\npm-install-webpack-plugin\package.json
43 verbose installManyTop reading scoped package data from C:\Users\Dimitri Nazarov\Documents\projects\game-life\node_modules\phantomjs-prebuilt\package.json
44 verbose installManyTop reading scoped package data from C:\Users\Dimitri Nazarov\Documents\projects\game-life\node_modules\postcss-loader\package.json
45 verbose installManyTop reading scoped package data from C:\Users\Dimitri Nazarov\Documents\projects\game-life\node_modules\precss\package.json
46 verbose installManyTop reading scoped package data from C:\Users\Dimitri Nazarov\Documents\projects\game-life\node_modules\react\package.json
47 verbose installManyTop reading scoped package data from C:\Users\Dimitri Nazarov\Documents\projects\game-life\node_modules\react-addons-test-utils\package.json
48 verbose installManyTop reading scoped package data from C:\Users\Dimitri Nazarov\Documents\projects\game-life\node_modules\react-dom\package.json
49 verbose installManyTop reading scoped package data from C:\Users\Dimitri Nazarov\Documents\projects\game-life\node_modules\react-hot-loader\package.json
50 verbose installManyTop reading scoped package data from C:\Users\Dimitri Nazarov\Documents\projects\game-life\node_modules\react-redux\package.json
51 verbose installManyTop reading scoped package data from C:\Users\Dimitri Nazarov\Documents\projects\game-life\node_modules\react-thunk\package.json
52 verbose installManyTop reading scoped package data from C:\Users\Dimitri Nazarov\Documents\projects\game-life\node_modules\redux\package.json
53 verbose installManyTop reading scoped package data from C:\Users\Dimitri Nazarov\Documents\projects\game-life\node_modules\redux-logger\package.json
54 verbose installManyTop reading scoped package data from C:\Users\Dimitri Nazarov\Documents\projects\game-life\node_modules\redux-thunk\package.json
55 verbose installManyTop reading scoped package data from C:\Users\Dimitri Nazarov\Documents\projects\game-life\node_modules\sinon\package.json
56 verbose installManyTop reading scoped package data from C:\Users\Dimitri Nazarov\Documents\projects\game-life\node_modules\style-loader\package.json
57 verbose installManyTop reading scoped package data from C:\Users\Dimitri Nazarov\Documents\projects\game-life\node_modules\tests\package.json
58 verbose installManyTop reading scoped package data from C:\Users\Dimitri Nazarov\Documents\projects\game-life\node_modules\url-loader\package.json
59 verbose installManyTop reading scoped package data from C:\Users\Dimitri Nazarov\Documents\projects\game-life\node_modules\webpack\package.json
60 verbose installManyTop reading scoped package data from C:\Users\Dimitri Nazarov\Documents\projects\game-life\node_modules\webpack-dev-middleware\package.json
61 verbose installManyTop reading scoped package data from C:\Users\Dimitri Nazarov\Documents\projects\game-life\node_modules\webpack-hot-middleware\package.json
62 info package.json karma-jasmine@1.0.2 No README data
63 info package.json karma-sinon@1.0.5 No license field.
64 info package.json tests@0.4.2 No license field.
65 info package.json webpack-dev-middleware@1.6.1 No license field.
66 info package.json jasmine-sinon@0.4.0 license should be a valid SPDX license expression
67 info package.json karma-jasmine-sinon@1.0.4 No license field.
68 info package.json font-loader@0.1.2 No license field.
69 verbose readDependencies loading dependencies from C:\Users\Dimitri Nazarov\Documents\projects\game-life\package.json
70 verbose install sinon is installed as 1.17.5
71 silly cache add args [ 'sinon', null ]
72 verbose cache add spec sinon
73 silly cache add parsed spec Result {
73 silly cache add   raw: 'sinon',
73 silly cache add   scope: null,
73 silly cache add   name: 'sinon',
73 silly cache add   rawSpec: '',
73 silly cache add   spec: 'latest',
73 silly cache add   type: 'tag' }
74 silly addNamed sinon@latest
75 verbose addNamed "latest" is being treated as a dist-tag for sinon
76 info addNameTag [ 'sinon', 'latest' ]
77 silly mapToRegistry name sinon
78 silly mapToRegistry using default registry
79 silly mapToRegistry registry https://registry.npmjs.org/
80 silly mapToRegistry data Result {
80 silly mapToRegistry   raw: 'sinon',
80 silly mapToRegistry   scope: null,
80 silly mapToRegistry   name: 'sinon',
80 silly mapToRegistry   rawSpec: '',
80 silly mapToRegistry   spec: 'latest',
80 silly mapToRegistry   type: 'tag' }
81 silly mapToRegistry uri https://registry.npmjs.org/sinon
82 verbose addNameTag registry:https://registry.npmjs.org/sinon not in flight; fetching
83 verbose request uri https://registry.npmjs.org/sinon
84 verbose request no auth needed
85 info attempt registry request try #1 at 14:30:03
86 verbose request id 3dd4133f068dda1d
87 verbose etag "9MUAEDSW3TRSGPW84GL8K2TMB"
88 http request GET https://registry.npmjs.org/sinon
89 http 304 https://registry.npmjs.org/sinon
90 verbose headers { date: 'Thu, 15 Sep 2016 07:29:39 GMT',
90 verbose headers   via: '1.1 varnish',
90 verbose headers   'cache-control': 'max-age=300',
90 verbose headers   etag: '"9MUAEDSW3TRSGPW84GL8K2TMB"',
90 verbose headers   age: '206',
90 verbose headers   connection: 'keep-alive',
90 verbose headers   'x-served-by': 'cache-bma7031-BMA',
90 verbose headers   'x-cache': 'HIT',
90 verbose headers   'x-cache-hits': '2',
90 verbose headers   'x-timer': 'S1473924579.304957,VS0,VE0',
90 verbose headers   vary: 'Accept-Encoding' }
91 silly get cb [ 304,
91 silly get   { date: 'Thu, 15 Sep 2016 07:29:39 GMT',
91 silly get     via: '1.1 varnish',
91 silly get     'cache-control': 'max-age=300',
91 silly get     etag: '"9MUAEDSW3TRSGPW84GL8K2TMB"',
91 silly get     age: '206',
91 silly get     connection: 'keep-alive',
91 silly get     'x-served-by': 'cache-bma7031-BMA',
91 silly get     'x-cache': 'HIT',
91 silly get     'x-cache-hits': '2',
91 silly get     'x-timer': 'S1473924579.304957,VS0,VE0',
91 silly get     vary: 'Accept-Encoding' } ]
92 verbose etag https://registry.npmjs.org/sinon from cache
93 verbose get saving sinon to C:\Users\Dimitri Nazarov\AppData\Roaming\npm-cache\registry.npmjs.org\sinon\.cache.json
94 verbose correctMkdir C:\Users\Dimitri Nazarov\AppData\Roaming\npm-cache correctMkdir not in flight; initializing
95 silly addNameTag next cb for sinon with tag latest
96 silly addNamed sinon@1.17.5
97 verbose addNamed "1.17.5" is a plain semver version for sinon
98 silly cache afterAdd sinon@1.17.5
99 verbose afterAdd C:\Users\Dimitri Nazarov\AppData\Roaming\npm-cache\sinon\1.17.5\package\package.json not in flight; writing
100 verbose correctMkdir C:\Users\Dimitri Nazarov\AppData\Roaming\npm-cache correctMkdir not in flight; initializing
101 verbose afterAdd C:\Users\Dimitri Nazarov\AppData\Roaming\npm-cache\sinon\1.17.5\package\package.json written
102 silly install resolved [ { name: 'sinon',
102 silly install resolved     description: 'JavaScript test spies, stubs and mocks.',
102 silly install resolved     version: '1.17.5',
102 silly install resolved     homepage: 'http://sinonjs.org/',
102 silly install resolved     author: { name: 'Christian Johansen' },
102 silly install resolved     repository:
102 silly install resolved      { type: 'git',
102 silly install resolved        url: 'git+ssh://git@github.com/cjohansen/Sinon.JS.git' },
102 silly install resolved     bugs: { url: 'http://github.com/cjohansen/Sinon.JS/issues' },
102 silly install resolved     license: 'BSD-3-Clause',
102 silly install resolved     scripts:
102 silly install resolved      { build: './build',
102 silly install resolved        'check-clean-wd': './scripts/is-clean-wd.sh',
102 silly install resolved        clean: 'rimraf pkg',
102 silly install resolved        'ci-test': 'npm run lint && ./scripts/ci-test.sh',
102 silly install resolved        test: './scripts/ci-test.sh',
102 silly install resolved        lint: 'eslint .',
102 silly install resolved        prepublish: 'npm-run-all check-clean-wd clean build',
102 silly install resolved        'eslint-pre-commit': './scripts/eslint-pre-commit' },
102 silly install resolved     'pre-commit': [ 'eslint-pre-commit' ],
102 silly install resolved     dependencies:
102 silly install resolved      { formatio: '1.1.1',
102 silly install resolved        util: '>=0.10.3 <1',
102 silly install resolved        lolex: '1.3.2',
102 silly install resolved        samsam: '1.1.2' },
102 silly install resolved     devDependencies:
102 silly install resolved      { buster: '0.7.18',
102 silly install resolved        'buster-core': '^0.6.4',
102 silly install resolved        'buster-istanbul': '0.1.13',
102 silly install resolved        eslint: '0.24.0',
102 silly install resolved        'eslint-config-defaults': '^2.1.0',
102 silly install resolved        jscs: '1.13.1',
102 silly install resolved        'npm-run-all': '^2.3.0',
102 silly install resolved        'pre-commit': '1.0.10',
102 silly install resolved        rimraf: '^2.5.4' },
102 silly install resolved     files:
102 silly install resolved      [ 'lib',
102 silly install resolved        'pkg',
102 silly install resolved        'AUTHORS',
102 silly install resolved        'CONTRIBUTING.md',
102 silly install resolved        'Changelog.txt',
102 silly install resolved        'LICENSE',
102 silly install resolved        'README.md' ],
102 silly install resolved     main: './lib/sinon.js',
102 silly install resolved     engines: { node: '>=0.1.103' },
102 silly install resolved     contributors:
102 silly install resolved      [ [Object],
102 silly install resolved        [Object],
102 silly install resolved        [Object],
102 silly install resolved        [Object],
102 silly install resolved        [Object],
102 silly install resolved        [Object],
102 silly install resolved        [Object],
102 silly install resolved        [Object],
102 silly install resolved        [Object],
102 silly install resolved        [Object],
102 silly install resolved        [Object],
102 silly install resolved        [Object],
102 silly install resolved        [Object],
102 silly install resolved        [Object],
102 silly install resolved        [Object],
102 silly install resolved        [Object],
102 silly install resolved        [Object],
102 silly install resolved        [Object],
102 silly install resolved        [Object],
102 silly install resolved        [Object],
102 silly install resolved        [Object],
102 silly install resolved        [Object],
102 silly install resolved        [Object],
102 silly install resolved        [Object],
102 silly install resolved        [Object],
102 silly install resolved        [Object],
102 silly install resolved        [Object],
102 silly install resolved        [Object],
102 silly install resolved        [Object],
102 silly install resolved        [Object],
102 silly install resolved        [Object],
102 silly install resolved        [Object],
102 silly install resolved        [Object],
102 silly install resolved        [Object],
102 silly install resolved        [Object],
102 silly install resolved        [Object],
102 silly install resolved        [Object],
102 silly install resolved        [Object],
102 silly install resolved        [Object],
102 silly install resolved        [Object],
102 silly install resolved        [Object],
102 silly install resolved        [Object],
102 silly install resolved        [Object],
102 silly install resolved        [Object],
102 silly install resolved        [Object],
102 silly install resolved        [Object],
102 silly install resolved        [Object],
102 silly install resolved        [Object],
102 silly install resolved        [Object],
102 silly install resolved        [Object],
102 silly install resolved        [Object],
102 silly install resolved        [Object],
102 silly install resolved        [Object],
102 silly install resolved        [Object],
102 silly install resolved        [Object],
102 silly install resolved        [Object],
102 silly install resolved        [Object],
102 silly install resolved        [Object],
102 silly install resolved        [Object],
102 silly install resolved        [Object],
102 silly install resolved        [Object],
102 silly install resolved        [Object],
102 silly install resolved        [Object],
102 silly install resolved        [Object],
102 silly install resolved        [Object],
102 silly install resolved        [Object],
102 silly install resolved        [Object],
102 silly install resolved        [Object],
102 silly install resolved        [Object],
102 silly install resolved        [Object],
102 silly install resolved        [Object],
102 silly install resolved        [Object],
102 silly install resolved        [Object],
102 silly install resolved        [Object],
102 silly install resolved        [Object],
102 silly install resolved        [Object],
102 silly install resolved        [Object],
102 silly install resolved        [Object],
102 silly install resolved        [Object],
102 silly install resolved        [Object],
102 silly install resolved        [Object],
102 silly install resolved        [Object],
102 silly install resolved        [Object],
102 silly install resolved        [Object],
102 silly install resolved        [Object],
102 silly install resolved        [Object],
102 silly install resolved        [Object],
102 silly install resolved        [Object],
102 silly install resolved        [Object],
102 silly install resolved        [Object],
102 silly install resolved        [Object],
102 silly install resolved        [Object],
102 silly install resolved        [Object],
102 silly install resolved        [Object],
102 silly install resolved        [Object],
102 silly install resolved        [Object],
102 silly install resolved        [Object],
102 silly install resolved        [Object],
102 silly install resolved        [Object],
102 silly install resolved        [Object],
102 silly install resolved        [Object],
102 silly install resolved        [Object],
102 silly install resolved        [Object],
102 silly install resolved        [Object],
102 silly install resolved        [Object],
102 silly install resolved        [Object],
102 silly install resolved        [Object],
102 silly install resolved        [Object],
102 silly install resolved        [Object],
102 silly install resolved        [Object],
102 silly install resolved        [Object],
102 silly install resolved        [Object],
102 silly install resolved        [Object],
102 silly install resolved        [Object],
102 silly install resolved        [Object],
102 silly install resolved        [Object],
102 silly install resolved        [Object],
102 silly install resolved        [Object],
102 silly install resolved        [Object],
102 silly install resolved        [Object],
102 silly install resolved        [Object],
102 silly install resolved        [Object],
102 silly install resolved        [Object],
102 silly install resolved        [Object],
102 silly install resolved        [Object],
102 silly install resolved        [Object],
102 silly install resolved        [Object],
102 silly install resolved        [Object],
102 silly install resolved        [Object],
102 silly install resolved        [Object],
102 silly install resolved        [Object],
102 silly install resolved        [Object],
102 silly install resolved        [Object],
102 silly install resolved        [Object],
102 silly install resolved        [Object],
102 silly install resolved        [Object],
102 silly install resolved        [Object],
102 silly install resolved        [Object],
102 silly install resolved        [Object],
102 silly install resolved        [Object],
102 silly install resolved        [Object],
102 silly install resolved        [Object],
102 silly install resolved        [Object],
102 silly install resolved        [Object],
102 silly install resolved        [Object],
102 silly install resolved        [Object],
102 silly install resolved        [Object],
102 silly install resolved        [Object],
102 silly install resolved        [Object],
102 silly install resolved        [Object],
102 silly install resolved        [Object],
102 silly install resolved        [Object],
102 silly install resolved        [Object],
102 silly install resolved        [Object],
102 silly install resolved        [Object],
102 silly install resolved        [Object] ],
102 silly install resolved     gitHead: 'd24a1f1ac7ea500d3d185adb3821786d321f6a92',
102 silly install resolved     _id: 'sinon@1.17.5',
102 silly install resolved     _shasum: '1038cba830e37012e99a64837ecd3b67200c058c',
102 silly install resolved     _from: 'sinon@latest',
102 silly install resolved     _npmVersion: '3.9.5',
102 silly install resolved     _nodeVersion: '6.2.2',
102 silly install resolved     _npmUser: { name: 'fatso83', email: 'carlerik@gmail.com' },
102 silly install resolved     dist:
102 silly install resolved      { shasum: '1038cba830e37012e99a64837ecd3b67200c058c',
102 silly install resolved        tarball: 'https://registry.npmjs.org/sinon/-/sinon-1.17.5.tgz' },
102 silly install resolved     maintainers: [ [Object], [Object], [Object], [Object] ],
102 silly install resolved     _npmOperationalInternal:
102 silly install resolved      { host: 'packages-12-west.internal.npmjs.com',
102 silly install resolved        tmp: 'tmp/sinon-1.17.5.tgz_1469533548730_0.67701894370839' },
102 silly install resolved     directories: {},
102 silly install resolved     _resolved: 'https://registry.npmjs.org/sinon/-/sinon-1.17.5.tgz',
102 silly install resolved     readme: 'ERROR: No README data found!' } ]
103 info install sinon@1.17.5 into C:\Users\Dimitri Nazarov\Documents\projects\game-life
104 info installOne sinon@1.17.5
105 verbose installOne of sinon to C:\Users\Dimitri Nazarov\Documents\projects\game-life not in flight; installing
106 verbose correctMkdir C:\Users\Dimitri Nazarov\AppData\Roaming\npm-cache\_locks correctMkdir not in flight; initializing
107 verbose lock using C:\Users\Dimitri Nazarov\AppData\Roaming\npm-cache\_locks\sinon-28ac84981ddc3c4b.lock for C:\Users\Dimitri Nazarov\Documents\projects\game-life\node_modules\sinon
108 silly install write writing sinon 1.17.5 to C:\Users\Dimitri Nazarov\Documents\projects\game-life\node_modules\sinon
109 verbose unbuild node_modules\sinon
110 info preuninstall sinon@1.17.5
111 info uninstall sinon@1.17.5
112 verbose unbuild rmStuff sinon@1.17.5 from C:\Users\Dimitri Nazarov\Documents\projects\game-life\node_modules
113 info postuninstall sinon@1.17.5
114 silly gentlyRm C:\Users\Dimitri Nazarov\Documents\projects\game-life\node_modules\sinon is being purged from base C:\Users\Dimitri Nazarov\Documents\projects\game-life
115 verbose gentlyRm don't care about contents; nuking C:\Users\Dimitri Nazarov\Documents\projects\game-life\node_modules\sinon
116 silly vacuum-fs purging C:\Users\Dimitri Nazarov\Documents\projects\game-life\node_modules\sinon
117 silly vacuum-fs quitting because other entries in C:\Users\Dimitri Nazarov\Documents\projects\game-life\node_modules
118 verbose tar unpack C:\Users\Dimitri Nazarov\AppData\Roaming\npm-cache\sinon\1.17.5\package.tgz
119 verbose tar unpacking to C:\Users\Dimitri Nazarov\Documents\projects\game-life\node_modules\sinon
120 silly gentlyRm C:\Users\Dimitri Nazarov\Documents\projects\game-life\node_modules\sinon is being purged
121 verbose gentlyRm don't care about contents; nuking C:\Users\Dimitri Nazarov\Documents\projects\game-life\node_modules\sinon
122 silly gunzTarPerm modes [ '777', '666' ]
123 silly gunzTarPerm extractEntry package.json
124 silly gunzTarPerm modified mode [ 'package.json', 420, 438 ]
125 silly gunzTarPerm extractEntry LICENSE
126 silly gunzTarPerm modified mode [ 'LICENSE', 420, 438 ]
127 silly gunzTarPerm extractEntry AUTHORS
128 silly gunzTarPerm modified mode [ 'AUTHORS', 420, 438 ]
129 silly gunzTarPerm extractEntry CONTRIBUTING.md
130 silly gunzTarPerm modified mode [ 'CONTRIBUTING.md', 420, 438 ]
131 silly gunzTarPerm extractEntry Changelog.txt
132 silly gunzTarPerm modified mode [ 'Changelog.txt', 420, 438 ]
133 silly gunzTarPerm extractEntry lib/sinon.js
134 silly gunzTarPerm modified mode [ 'lib/sinon.js', 420, 438 ]
135 silly gunzTarPerm extractEntry lib/sinon/assert.js
136 silly gunzTarPerm modified mode [ 'lib/sinon/assert.js', 420, 438 ]
137 silly gunzTarPerm extractEntry lib/sinon/format.js
138 silly gunzTarPerm modified mode [ 'lib/sinon/format.js', 420, 438 ]
139 silly gunzTarPerm extractEntry lib/sinon/log_error.js
140 silly gunzTarPerm modified mode [ 'lib/sinon/log_error.js', 420, 438 ]
141 silly gunzTarPerm extractEntry lib/sinon/match.js
142 silly gunzTarPerm modified mode [ 'lib/sinon/match.js', 420, 438 ]
143 silly gunzTarPerm extractEntry lib/sinon/extend.js
144 silly gunzTarPerm modified mode [ 'lib/sinon/extend.js', 420, 438 ]
145 silly gunzTarPerm extractEntry lib/sinon/behavior.js
146 silly gunzTarPerm modified mode [ 'lib/sinon/behavior.js', 420, 438 ]
147 silly gunzTarPerm extractEntry lib/sinon/spy.js
148 silly gunzTarPerm modified mode [ 'lib/sinon/spy.js', 420, 438 ]
149 silly gunzTarPerm extractEntry lib/sinon/stub.js
150 silly gunzTarPerm modified mode [ 'lib/sinon/stub.js', 420, 438 ]
151 silly gunzTarPerm extractEntry lib/sinon/test.js
152 silly gunzTarPerm modified mode [ 'lib/sinon/test.js', 420, 438 ]
153 silly gunzTarPerm extractEntry lib/sinon/test_case.js
154 silly gunzTarPerm modified mode [ 'lib/sinon/test_case.js', 420, 438 ]
155 silly gunzTarPerm extractEntry lib/sinon/collection.js
156 silly gunzTarPerm modified mode [ 'lib/sinon/collection.js', 420, 438 ]
157 silly gunzTarPerm extractEntry lib/sinon/times_in_words.js
158 silly gunzTarPerm modified mode [ 'lib/sinon/times_in_words.js', 420, 438 ]
159 silly gunzTarPerm extractEntry lib/sinon/call.js
160 silly gunzTarPerm modified mode [ 'lib/sinon/call.js', 420, 438 ]
161 silly gunzTarPerm extractEntry lib/sinon/typeOf.js
162 silly gunzTarPerm modified mode [ 'lib/sinon/typeOf.js', 420, 438 ]
163 silly gunzTarPerm extractEntry lib/sinon/mock.js
164 silly gunzTarPerm modified mode [ 'lib/sinon/mock.js', 420, 438 ]
165 silly gunzTarPerm extractEntry lib/sinon/walk.js
166 silly gunzTarPerm modified mode [ 'lib/sinon/walk.js', 420, 438 ]
167 silly gunzTarPerm extractEntry lib/sinon/sandbox.js
168 silly gunzTarPerm modified mode [ 'lib/sinon/sandbox.js', 420, 438 ]
169 silly gunzTarPerm extractEntry lib/sinon/util/core.js
170 silly gunzTarPerm modified mode [ 'lib/sinon/util/core.js', 420, 438 ]
171 silly gunzTarPerm extractEntry lib/sinon/util/event.js
172 silly gunzTarPerm modified mode [ 'lib/sinon/util/event.js', 420, 438 ]
173 silly gunzTarPerm extractEntry lib/sinon/util/fake_server.js
174 silly gunzTarPerm modified mode [ 'lib/sinon/util/fake_server.js', 420, 438 ]
175 silly gunzTarPerm extractEntry lib/sinon/util/fake_server_with_clock.js
176 silly gunzTarPerm modified mode [ 'lib/sinon/util/fake_server_with_clock.js', 420, 438 ]
177 silly gunzTarPerm extractEntry lib/sinon/util/fake_timers.js
178 silly gunzTarPerm modified mode [ 'lib/sinon/util/fake_timers.js', 420, 438 ]
179 silly gunzTarPerm extractEntry lib/sinon/util/fake_xdomain_request.js
180 silly gunzTarPerm modified mode [ 'lib/sinon/util/fake_xdomain_request.js', 420, 438 ]
181 silly gunzTarPerm extractEntry lib/sinon/util/fake_xml_http_request.js
182 silly gunzTarPerm modified mode [ 'lib/sinon/util/fake_xml_http_request.js', 420, 438 ]
183 silly gunzTarPerm extractEntry lib/sinon/util/timers_ie.js
184 silly gunzTarPerm modified mode [ 'lib/sinon/util/timers_ie.js', 420, 438 ]
185 silly gunzTarPerm extractEntry lib/sinon/util/xdr_ie.js
186 silly gunzTarPerm modified mode [ 'lib/sinon/util/xdr_ie.js', 420, 438 ]
187 silly gunzTarPerm extractEntry lib/sinon/util/xhr_ie.js
188 silly gunzTarPerm modified mode [ 'lib/sinon/util/xhr_ie.js', 420, 438 ]
189 silly gunzTarPerm extractEntry pkg/sinon-1.17.5.js
190 silly gunzTarPerm modified mode [ 'pkg/sinon-1.17.5.js', 420, 438 ]
191 silly gunzTarPerm extractEntry pkg/sinon-ie-1.17.5.js
192 silly gunzTarPerm modified mode [ 'pkg/sinon-ie-1.17.5.js', 420, 438 ]
193 silly gunzTarPerm extractEntry pkg/sinon-ie.js
194 silly gunzTarPerm modified mode [ 'pkg/sinon-ie.js', 420, 438 ]
195 silly gunzTarPerm extractEntry pkg/sinon-server-1.17.5.js
196 silly gunzTarPerm modified mode [ 'pkg/sinon-server-1.17.5.js', 420, 438 ]
197 silly gunzTarPerm extractEntry pkg/sinon-server.js
198 silly gunzTarPerm modified mode [ 'pkg/sinon-server.js', 420, 438 ]
199 silly gunzTarPerm extractEntry pkg/sinon.js
200 silly gunzTarPerm modified mode [ 'pkg/sinon.js', 420, 438 ]
201 verbose write writing to C:\Users\Dimitri Nazarov\Documents\projects\game-life\node_modules\sinon\package.json
202 info preinstall sinon@1.17.5
203 verbose readDependencies loading dependencies from C:\Users\Dimitri Nazarov\Documents\projects\game-life\node_modules\sinon\package.json
204 silly prepareForInstallMany adding formatio@1.1.1 from sinon dependencies
205 silly prepareForInstallMany adding util@>=0.10.3 <1 from sinon dependencies
206 silly prepareForInstallMany adding lolex@1.3.2 from sinon dependencies
207 silly prepareForInstallMany adding samsam@1.1.2 from sinon dependencies
208 verbose readDependencies loading dependencies from C:\Users\Dimitri Nazarov\Documents\projects\game-life\node_modules\sinon\package.json
209 silly cache add args [ 'samsam@1.1.2', null ]
210 verbose cache add spec samsam@1.1.2
211 silly cache add parsed spec Result {
211 silly cache add   raw: 'samsam@1.1.2',
211 silly cache add   scope: null,
211 silly cache add   name: 'samsam',
211 silly cache add   rawSpec: '1.1.2',
211 silly cache add   spec: '1.1.2',
211 silly cache add   type: 'version' }
212 silly addNamed samsam@1.1.2
213 verbose addNamed "1.1.2" is a plain semver version for samsam
214 silly mapToRegistry name samsam
215 silly mapToRegistry using default registry
216 silly mapToRegistry registry https://registry.npmjs.org/
217 silly mapToRegistry data Result {
217 silly mapToRegistry   raw: 'samsam',
217 silly mapToRegistry   scope: null,
217 silly mapToRegistry   name: 'samsam',
217 silly mapToRegistry   rawSpec: '',
217 silly mapToRegistry   spec: 'latest',
217 silly mapToRegistry   type: 'tag' }
218 silly mapToRegistry uri https://registry.npmjs.org/samsam
219 verbose addNameVersion registry:https://registry.npmjs.org/samsam not in flight; fetching
220 silly cache add args [ 'formatio@1.1.1', null ]
221 verbose cache add spec formatio@1.1.1
222 silly cache add parsed spec Result {
222 silly cache add   raw: 'formatio@1.1.1',
222 silly cache add   scope: null,
222 silly cache add   name: 'formatio',
222 silly cache add   rawSpec: '1.1.1',
222 silly cache add   spec: '1.1.1',
222 silly cache add   type: 'version' }
223 silly addNamed formatio@1.1.1
224 verbose addNamed "1.1.1" is a plain semver version for formatio
225 silly mapToRegistry name formatio
226 silly mapToRegistry using default registry
227 silly mapToRegistry registry https://registry.npmjs.org/
228 silly mapToRegistry data Result {
228 silly mapToRegistry   raw: 'formatio',
228 silly mapToRegistry   scope: null,
228 silly mapToRegistry   name: 'formatio',
228 silly mapToRegistry   rawSpec: '',
228 silly mapToRegistry   spec: 'latest',
228 silly mapToRegistry   type: 'tag' }
229 silly mapToRegistry uri https://registry.npmjs.org/formatio
230 verbose addNameVersion registry:https://registry.npmjs.org/formatio not in flight; fetching
231 silly cache add args [ 'util@>=0.10.3 <1', null ]
232 verbose cache add spec util@>=0.10.3 <1
233 silly cache add parsed spec Result {
233 silly cache add   raw: 'util@>=0.10.3 <1',
233 silly cache add   scope: null,
233 silly cache add   name: 'util',
233 silly cache add   rawSpec: '>=0.10.3 <1',
233 silly cache add   spec: '>=0.10.3 <1.0.0',
233 silly cache add   type: 'range' }
234 silly addNamed util@>=0.10.3 <1.0.0
235 verbose addNamed ">=0.10.3 <1.0.0" is a valid semver range for util
236 silly addNameRange { name: 'util', range: '>=0.10.3 <1.0.0', hasData: false }
237 silly mapToRegistry name util
238 silly mapToRegistry using default registry
239 silly mapToRegistry registry https://registry.npmjs.org/
240 silly mapToRegistry data Result {
240 silly mapToRegistry   raw: 'util',
240 silly mapToRegistry   scope: null,
240 silly mapToRegistry   name: 'util',
240 silly mapToRegistry   rawSpec: '',
240 silly mapToRegistry   spec: 'latest',
240 silly mapToRegistry   type: 'tag' }
241 silly mapToRegistry uri https://registry.npmjs.org/util
242 verbose addNameRange registry:https://registry.npmjs.org/util not in flight; fetching
243 silly cache add args [ 'lolex@1.3.2', null ]
244 verbose cache add spec lolex@1.3.2
245 silly cache add parsed spec Result {
245 silly cache add   raw: 'lolex@1.3.2',
245 silly cache add   scope: null,
245 silly cache add   name: 'lolex',
245 silly cache add   rawSpec: '1.3.2',
245 silly cache add   spec: '1.3.2',
245 silly cache add   type: 'version' }
246 silly addNamed lolex@1.3.2
247 verbose addNamed "1.3.2" is a plain semver version for lolex
248 silly mapToRegistry name lolex
249 silly mapToRegistry using default registry
250 silly mapToRegistry registry https://registry.npmjs.org/
251 silly mapToRegistry data Result {
251 silly mapToRegistry   raw: 'lolex',
251 silly mapToRegistry   scope: null,
251 silly mapToRegistry   name: 'lolex',
251 silly mapToRegistry   rawSpec: '',
251 silly mapToRegistry   spec: 'latest',
251 silly mapToRegistry   type: 'tag' }
252 silly mapToRegistry uri https://registry.npmjs.org/lolex
253 verbose addNameVersion registry:https://registry.npmjs.org/lolex not in flight; fetching
254 verbose request uri https://registry.npmjs.org/samsam
255 verbose request no auth needed
256 info attempt registry request try #1 at 14:30:05
257 verbose etag "7RCOJ98W2YYWQX0VQF057TZQR"
258 http request GET https://registry.npmjs.org/samsam
259 verbose request uri https://registry.npmjs.org/formatio
260 verbose request no auth needed
261 info attempt registry request try #1 at 14:30:05
262 verbose etag "9KOW51NTPMMINT9EWNC4WJ7YX"
263 http request GET https://registry.npmjs.org/formatio
264 verbose request uri https://registry.npmjs.org/util
265 verbose request no auth needed
266 info attempt registry request try #1 at 14:30:05
267 verbose etag "5ODMFF3IZ7TWOWBUN6M2XQ4LQ"
268 http request GET https://registry.npmjs.org/util
269 verbose request uri https://registry.npmjs.org/lolex
270 verbose request no auth needed
271 info attempt registry request try #1 at 14:30:05
272 verbose etag "3AUH6IFQENJA0ISKJ9UNPTQ7I"
273 http request GET https://registry.npmjs.org/lolex
274 http 304 https://registry.npmjs.org/samsam
275 verbose headers { date: 'Thu, 15 Sep 2016 07:29:40 GMT',
275 verbose headers   via: '1.1 varnish',
275 verbose headers   'cache-control': 'max-age=300',
275 verbose headers   etag: '"7RCOJ98W2YYWQX0VQF057TZQR"',
275 verbose headers   age: '230',
275 verbose headers   connection: 'keep-alive',
275 verbose headers   'x-served-by': 'cache-bma7031-BMA',
275 verbose headers   'x-cache': 'HIT',
275 verbose headers   'x-cache-hits': '3',
275 verbose headers   'x-timer': 'S1473924580.829728,VS0,VE0',
275 verbose headers   vary: 'Accept-Encoding' }
276 silly get cb [ 304,
276 silly get   { date: 'Thu, 15 Sep 2016 07:29:40 GMT',
276 silly get     via: '1.1 varnish',
276 silly get     'cache-control': 'max-age=300',
276 silly get     etag: '"7RCOJ98W2YYWQX0VQF057TZQR"',
276 silly get     age: '230',
276 silly get     connection: 'keep-alive',
276 silly get     'x-served-by': 'cache-bma7031-BMA',
276 silly get     'x-cache': 'HIT',
276 silly get     'x-cache-hits': '3',
276 silly get     'x-timer': 'S1473924580.829728,VS0,VE0',
276 silly get     vary: 'Accept-Encoding' } ]
277 verbose etag https://registry.npmjs.org/samsam from cache
278 verbose get saving samsam to C:\Users\Dimitri Nazarov\AppData\Roaming\npm-cache\registry.npmjs.org\samsam\.cache.json
279 verbose correctMkdir C:\Users\Dimitri Nazarov\AppData\Roaming\npm-cache correctMkdir not in flight; initializing
280 silly cache afterAdd samsam@1.1.2
281 verbose afterAdd C:\Users\Dimitri Nazarov\AppData\Roaming\npm-cache\samsam\1.1.2\package\package.json not in flight; writing
282 verbose correctMkdir C:\Users\Dimitri Nazarov\AppData\Roaming\npm-cache correctMkdir not in flight; initializing
283 verbose afterAdd C:\Users\Dimitri Nazarov\AppData\Roaming\npm-cache\samsam\1.1.2\package\package.json written
284 http 304 https://registry.npmjs.org/formatio
285 verbose headers { date: 'Thu, 15 Sep 2016 07:29:41 GMT',
285 verbose headers   via: '1.1 varnish',
285 verbose headers   'cache-control': 'max-age=300',
285 verbose headers   etag: '"9KOW51NTPMMINT9EWNC4WJ7YX"',
285 verbose headers   age: '268',
285 verbose headers   connection: 'keep-alive',
285 verbose headers   'x-served-by': 'cache-bma7027-BMA',
285 verbose headers   'x-cache': 'HIT',
285 verbose headers   'x-cache-hits': '1',
285 verbose headers   'x-timer': 'S1473924581.016687,VS0,VE0',
285 verbose headers   vary: 'Accept-Encoding' }
286 silly get cb [ 304,
286 silly get   { date: 'Thu, 15 Sep 2016 07:29:41 GMT',
286 silly get     via: '1.1 varnish',
286 silly get     'cache-control': 'max-age=300',
286 silly get     etag: '"9KOW51NTPMMINT9EWNC4WJ7YX"',
286 silly get     age: '268',
286 silly get     connection: 'keep-alive',
286 silly get     'x-served-by': 'cache-bma7027-BMA',
286 silly get     'x-cache': 'HIT',
286 silly get     'x-cache-hits': '1',
286 silly get     'x-timer': 'S1473924581.016687,VS0,VE0',
286 silly get     vary: 'Accept-Encoding' } ]
287 verbose etag https://registry.npmjs.org/formatio from cache
288 verbose get saving formatio to C:\Users\Dimitri Nazarov\AppData\Roaming\npm-cache\registry.npmjs.org\formatio\.cache.json
289 verbose correctMkdir C:\Users\Dimitri Nazarov\AppData\Roaming\npm-cache correctMkdir not in flight; initializing
290 http 304 https://registry.npmjs.org/util
291 verbose headers { date: 'Thu, 15 Sep 2016 07:29:41 GMT',
291 verbose headers   via: '1.1 varnish',
291 verbose headers   'cache-control': 'max-age=300',
291 verbose headers   etag: '"5ODMFF3IZ7TWOWBUN6M2XQ4LQ"',
291 verbose headers   age: '24',
291 verbose headers   connection: 'keep-alive',
291 verbose headers   'x-served-by': 'cache-bma7022-BMA',
291 verbose headers   'x-cache': 'HIT',
291 verbose headers   'x-cache-hits': '2',
291 verbose headers   'x-timer': 'S1473924581.020075,VS0,VE0',
291 verbose headers   vary: 'Accept-Encoding' }
292 silly get cb [ 304,
292 silly get   { date: 'Thu, 15 Sep 2016 07:29:41 GMT',
292 silly get     via: '1.1 varnish',
292 silly get     'cache-control': 'max-age=300',
292 silly get     etag: '"5ODMFF3IZ7TWOWBUN6M2XQ4LQ"',
292 silly get     age: '24',
292 silly get     connection: 'keep-alive',
292 silly get     'x-served-by': 'cache-bma7022-BMA',
292 silly get     'x-cache': 'HIT',
292 silly get     'x-cache-hits': '2',
292 silly get     'x-timer': 'S1473924581.020075,VS0,VE0',
292 silly get     vary: 'Accept-Encoding' } ]
293 verbose etag https://registry.npmjs.org/util from cache
294 verbose get saving util to C:\Users\Dimitri Nazarov\AppData\Roaming\npm-cache\registry.npmjs.org\util\.cache.json
295 verbose correctMkdir C:\Users\Dimitri Nazarov\AppData\Roaming\npm-cache correctMkdir not in flight; initializing
296 http 304 https://registry.npmjs.org/lolex
297 verbose headers { date: 'Thu, 15 Sep 2016 07:29:41 GMT',
297 verbose headers   via: '1.1 varnish',
297 verbose headers   'cache-control': 'max-age=300',
297 verbose headers   etag: '"3AUH6IFQENJA0ISKJ9UNPTQ7I"',
297 verbose headers   age: '230',
297 verbose headers   connection: 'keep-alive',
297 verbose headers   'x-served-by': 'cache-bma7035-BMA',
297 verbose headers   'x-cache': 'HIT',
297 verbose headers   'x-cache-hits': '3',
297 verbose headers   'x-timer': 'S1473924581.030235,VS0,VE0',
297 verbose headers   vary: 'Accept-Encoding' }
298 silly get cb [ 304,
298 silly get   { date: 'Thu, 15 Sep 2016 07:29:41 GMT',
298 silly get     via: '1.1 varnish',
298 silly get     'cache-control': 'max-age=300',
298 silly get     etag: '"3AUH6IFQENJA0ISKJ9UNPTQ7I"',
298 silly get     age: '230',
298 silly get     connection: 'keep-alive',
298 silly get     'x-served-by': 'cache-bma7035-BMA',
298 silly get     'x-cache': 'HIT',
298 silly get     'x-cache-hits': '3',
298 silly get     'x-timer': 'S1473924581.030235,VS0,VE0',
298 silly get     vary: 'Accept-Encoding' } ]
299 verbose etag https://registry.npmjs.org/lolex from cache
300 verbose get saving lolex to C:\Users\Dimitri Nazarov\AppData\Roaming\npm-cache\registry.npmjs.org\lolex\.cache.json
301 verbose correctMkdir C:\Users\Dimitri Nazarov\AppData\Roaming\npm-cache correctMkdir not in flight; initializing
302 silly addNameRange number 2 { name: 'util', range: '>=0.10.3 <1.0.0', hasData: true }
303 silly addNameRange versions [ 'util', [ '0.4.9', '0.10.0', '0.10.1', '0.10.2', '0.10.3' ] ]
304 silly addNamed util@0.10.3
305 verbose addNamed "0.10.3" is a plain semver version for util
306 silly cache afterAdd util@0.10.3
307 verbose afterAdd C:\Users\Dimitri Nazarov\AppData\Roaming\npm-cache\util\0.10.3\package\package.json not in flight; writing
308 verbose correctMkdir C:\Users\Dimitri Nazarov\AppData\Roaming\npm-cache correctMkdir not in flight; initializing
309 silly cache afterAdd lolex@1.3.2
310 verbose afterAdd C:\Users\Dimitri Nazarov\AppData\Roaming\npm-cache\lolex\1.3.2\package\package.json not in flight; writing
311 verbose correctMkdir C:\Users\Dimitri Nazarov\AppData\Roaming\npm-cache correctMkdir not in flight; initializing
312 silly cache afterAdd formatio@1.1.1
313 verbose afterAdd C:\Users\Dimitri Nazarov\AppData\Roaming\npm-cache\formatio\1.1.1\package\package.json not in flight; writing
314 verbose correctMkdir C:\Users\Dimitri Nazarov\AppData\Roaming\npm-cache correctMkdir not in flight; initializing
315 verbose afterAdd C:\Users\Dimitri Nazarov\AppData\Roaming\npm-cache\util\0.10.3\package\package.json written
316 verbose afterAdd C:\Users\Dimitri Nazarov\AppData\Roaming\npm-cache\lolex\1.3.2\package\package.json written
317 verbose afterAdd C:\Users\Dimitri Nazarov\AppData\Roaming\npm-cache\formatio\1.1.1\package\package.json written
318 silly install resolved [ { name: 'samsam',
318 silly install resolved     version: '1.1.2',
318 silly install resolved     description: 'Value identification and comparison functions',
318 silly install resolved     homepage: 'http://busterjs.org/docs/buster-assertions',
318 silly install resolved     author: { name: 'Christian Johansen' },
318 silly install resolved     contributors: [ [Object], [Object], [Object] ],
318 silly install resolved     main: './lib/samsam',
318 silly install resolved     repository:
318 silly install resolved      { type: 'git',
318 silly install resolved        url: 'git+https://github.com/busterjs/samsam.git' },
318 silly install resolved     scripts:
318 silly install resolved      { test: 'node test/samsam-test.js',
318 silly install resolved        'test-debug': 'node --debug-brk test/samsam-test.js' },
318 silly install resolved     devDependencies: { buster: '0.6.11' },
318 silly install resolved     bugs: { url: 'https://github.com/busterjs/samsam/issues' },
318 silly install resolved     _id: 'samsam@1.1.2',
318 silly install resolved     _shasum: 'bec11fdc83a9fda063401210e40176c3024d1567',
318 silly install resolved     _from: 'samsam@1.1.2',
318 silly install resolved     _npmVersion: '1.4.9',
318 silly install resolved     _npmUser: { name: 'dwittner', email: 'd.wittner@gmx.de' },
318 silly install resolved     maintainers: [ [Object], [Object], [Object] ],
318 silly install resolved     dist:
318 silly install resolved      { shasum: 'bec11fdc83a9fda063401210e40176c3024d1567',
318 silly install resolved        tarball: 'https://registry.npmjs.org/samsam/-/samsam-1.1.2.tgz' },
318 silly install resolved     directories: {},
318 silly install resolved     _resolved: 'https://registry.npmjs.org/samsam/-/samsam-1.1.2.tgz',
318 silly install resolved     readme: 'ERROR: No README data found!' },
318 silly install resolved   { author: { name: 'Joyent', url: 'http://www.joyent.com' },
318 silly install resolved     name: 'util',
318 silly install resolved     description: 'Node.JS util module',
318 silly install resolved     keywords: [ 'util' ],
318 silly install resolved     version: '0.10.3',
318 silly install resolved     homepage: 'https://github.com/defunctzombie/node-util',
318 silly install resolved     repository:
318 silly install resolved      { type: 'git',
318 silly install resolved        url: 'git://github.com/defunctzombie/node-util.git' },
318 silly install resolved     main: './util.js',
318 silly install resolved     scripts: { test: 'node test/node/*.js && zuul test/browser/*.js' },
318 silly install resolved     dependencies: { inherits: '2.0.1' },
318 silly install resolved     license: 'MIT',
318 silly install resolved     devDependencies: { zuul: '~1.0.9' },
318 silly install resolved     browser: { './support/isBuffer.js': './support/isBufferBrowser.js' },
318 silly install resolved     bugs: { url: 'https://github.com/defunctzombie/node-util/issues' },
318 silly install resolved     _id: 'util@0.10.3',
318 silly install resolved     dist:
318 silly install resolved      { shasum: '7afb1afe50805246489e3db7fe0ed379336ac0f9',
318 silly install resolved        tarball: 'https://registry.npmjs.org/util/-/util-0.10.3.tgz' },
318 silly install resolved     _from: 'util@>=0.10.3 <1.0.0',
318 silly install resolved     _npmVersion: '1.3.24',
318 silly install resolved     _npmUser: { name: 'shtylman', email: 'shtylman@gmail.com' },
318 silly install resolved     maintainers: [ [Object] ],
318 silly install resolved     directories: {},
318 silly install resolved     _shasum: '7afb1afe50805246489e3db7fe0ed379336ac0f9',
318 silly install resolved     _resolved: 'https://registry.npmjs.org/util/-/util-0.10.3.tgz',
318 silly install resolved     readme: 'ERROR: No README data found!' },
318 silly install resolved   { name: 'lolex',
318 silly install resolved     description: 'Fake JavaScript timers',
318 silly install resolved     version: '1.3.2',
318 silly install resolved     homepage: 'http://github.com/sinonjs/lolex',
318 silly install resolved     author: { name: 'Christian Johansen' },
318 silly install resolved     repository:
318 silly install resolved      { type: 'git',
318 silly install resolved        url: 'git+ssh://git@github.com/sinonjs/lolex.git' },
318 silly install resolved     bugs: { url: 'http://github.com/sinonjs/lolex/issues' },
318 silly install resolved     license: 'BSD-3-Clause',
318 silly install resolved     scripts:
318 silly install resolved      { lint: '$(npm bin)/jslint src/**/*.js',
318 silly install resolved        'test-node': 'mocha -R dot',
318 silly install resolved        'test-headless': 'mochify',
318 silly install resolved        'test-cloud': 'mochify --wd',
318 silly install resolved        test: 'npm run lint && npm run test-node && npm run test-headless && npm run test-cloud',
318 silly install resolved        bundle: 'browserify -s lolex -o lolex.js src/lolex.js' },
318 silly install resolved     devDependencies:
318 silly install resolved      { browserify: '>=5.9 <6',
318 silly install resolved        jslint: '^0.6.6',
318 silly install resolved        mocha: '>=1.21 <2',
318 silly install resolved        mochify: '>=1.0 <2',
318 silly install resolved        referee: '~1.0',
318 silly install resolved        sinon: '~1.10' },
318 silly install resolved     main: './src/lolex.js',
318 silly install resolved     gitHead: '9457345f0bcb0c98d085fae5ea18c7efd950a703',
318 silly install resolved     _id: 'lolex@1.3.2',
318 silly install resolved     _shasum: '7c3da62ffcb30f0f5a80a2566ca24e45d8a01f31',
318 silly install resolved     _from: 'lolex@1.3.2',
318 silly install resolved     _npmVersion: '2.14.1',
318 silly install resolved     _nodeVersion: '0.10.40',
318 silly install resolved     _npmUser: { name: 'mrgnrdrck', email: 'morgan@roderick.dk' },
318 silly install resolved     maintainers: [ [Object], [Object], [Object] ],
318 silly install resolved     dist:
318 silly install resolved      { shasum: '7c3da62ffcb30f0f5a80a2566ca24e45d8a01f31',
318 silly install resolved        tarball: 'https://registry.npmjs.org/lolex/-/lolex-1.3.2.tgz' },
318 silly install resolved     directories: {},
318 silly install resolved     _resolved: 'https://registry.npmjs.org/lolex/-/lolex-1.3.2.tgz',
318 silly install resolved     readme: 'ERROR: No README data found!' },
318 silly install resolved   { name: 'formatio',
318 silly install resolved     version: '1.1.1',
318 silly install resolved     description: 'Human-readable object formatting',
318 silly install resolved     homepage: 'http://busterjs.org/docs/formatio/',
318 silly install resolved     author: { name: 'Christian Johansen' },
318 silly install resolved     contributors: [ [Object], [Object], [Object], [Object], [Object] ],
318 silly install resolved     main: './lib/formatio',
318 silly install resolved     repository:
318 silly install resolved      { type: 'git',
318 silly install resolved        url: 'git+https://github.com/busterjs/formatio.git' },
318 silly install resolved     scripts:
318 silly install resolved      { test: 'node node_modules/buster/bin/buster-test --node',
318 silly install resolved        'test-debug': 'node --debug-brk node_modules/buster/bin/buster-test --node' },
318 silly install resolved     dependencies: { samsam: '~1.1' },
318 silly install resolved     devDependencies: { buster: '*' },
318 silly install resolved     bugs: { url: 'https://github.com/busterjs/formatio/issues' },
318 silly install resolved     _id: 'formatio@1.1.1',
318 silly install resolved     dist:
318 silly install resolved      { shasum: '5ed3ccd636551097383465d996199100e86161e9',
318 silly install resolved        tarball: 'https://registry.npmjs.org/formatio/-/formatio-1.1.1.tgz' },
318 silly install resolved     _from: 'formatio@1.1.1',
318 silly install resolved     _npmVersion: '1.3.21',
318 silly install resolved     _npmUser: { name: 'cjohansen', email: 'christian@cjohansen.no' },
318 silly install resolved     maintainers: [ [Object], [Object], [Object] ],
318 silly install resolved     directories: {},
318 silly install resolved     _shasum: '5ed3ccd636551097383465d996199100e86161e9',
318 silly install resolved     _resolved: 'https://registry.npmjs.org/formatio/-/formatio-1.1.1.tgz',
318 silly install resolved     readme: 'ERROR: No README data found!' } ]
319 info install samsam@1.1.2 into C:\Users\Dimitri Nazarov\Documents\projects\game-life\node_modules\sinon
320 info install util@0.10.3 into C:\Users\Dimitri Nazarov\Documents\projects\game-life\node_modules\sinon
321 info install lolex@1.3.2 into C:\Users\Dimitri Nazarov\Documents\projects\game-life\node_modules\sinon
322 info install formatio@1.1.1 into C:\Users\Dimitri Nazarov\Documents\projects\game-life\node_modules\sinon
323 info installOne samsam@1.1.2
324 verbose installOne of samsam to C:\Users\Dimitri Nazarov\Documents\projects\game-life\node_modules\sinon not in flight; installing
325 verbose correctMkdir C:\Users\Dimitri Nazarov\AppData\Roaming\npm-cache\_locks correctMkdir not in flight; initializing
326 info installOne util@0.10.3
327 verbose installOne of util to C:\Users\Dimitri Nazarov\Documents\projects\game-life\node_modules\sinon not in flight; installing
328 verbose correctMkdir C:\Users\Dimitri Nazarov\AppData\Roaming\npm-cache\_locks correctMkdir not in flight; initializing
329 info installOne lolex@1.3.2
330 verbose installOne of lolex to C:\Users\Dimitri Nazarov\Documents\projects\game-life\node_modules\sinon not in flight; installing
331 verbose correctMkdir C:\Users\Dimitri Nazarov\AppData\Roaming\npm-cache\_locks correctMkdir not in flight; initializing
332 info installOne formatio@1.1.1
333 verbose installOne of formatio to C:\Users\Dimitri Nazarov\Documents\projects\game-life\node_modules\sinon not in flight; installing
334 verbose correctMkdir C:\Users\Dimitri Nazarov\AppData\Roaming\npm-cache\_locks correctMkdir not in flight; initializing
335 verbose lock using C:\Users\Dimitri Nazarov\AppData\Roaming\npm-cache\_locks\samsam-a1f304a36e209ffd.lock for C:\Users\Dimitri Nazarov\Documents\projects\game-life\node_modules\sinon\node_modules\samsam
336 verbose lock using C:\Users\Dimitri Nazarov\AppData\Roaming\npm-cache\_locks\util-b89f53394073c0d0.lock for C:\Users\Dimitri Nazarov\Documents\projects\game-life\node_modules\sinon\node_modules\util
337 verbose lock using C:\Users\Dimitri Nazarov\AppData\Roaming\npm-cache\_locks\lolex-e15c5ba653ee958a.lock for C:\Users\Dimitri Nazarov\Documents\projects\game-life\node_modules\sinon\node_modules\lolex
338 silly install write writing samsam 1.1.2 to C:\Users\Dimitri Nazarov\Documents\projects\game-life\node_modules\sinon\node_modules\samsam
339 verbose lock using C:\Users\Dimitri Nazarov\AppData\Roaming\npm-cache\_locks\formatio-2fe10fc26df87d64.lock for C:\Users\Dimitri Nazarov\Documents\projects\game-life\node_modules\sinon\node_modules\formatio
340 silly install write writing util 0.10.3 to C:\Users\Dimitri Nazarov\Documents\projects\game-life\node_modules\sinon\node_modules\util
341 silly install write writing lolex 1.3.2 to C:\Users\Dimitri Nazarov\Documents\projects\game-life\node_modules\sinon\node_modules\lolex
342 silly install write writing formatio 1.1.1 to C:\Users\Dimitri Nazarov\Documents\projects\game-life\node_modules\sinon\node_modules\formatio
343 verbose unbuild node_modules\sinon\node_modules\samsam
344 verbose unbuild node_modules\sinon\node_modules\util
345 verbose unbuild node_modules\sinon\node_modules\lolex
346 verbose unbuild node_modules\sinon\node_modules\formatio
347 silly gentlyRm C:\Users\Dimitri Nazarov\Documents\projects\game-life\node_modules\sinon\node_modules\samsam is being purged from base C:\Users\Dimitri Nazarov\Documents\projects\game-life
348 verbose gentlyRm don't care about contents; nuking C:\Users\Dimitri Nazarov\Documents\projects\game-life\node_modules\sinon\node_modules\samsam
349 silly gentlyRm C:\Users\Dimitri Nazarov\Documents\projects\game-life\node_modules\sinon\node_modules\util is being purged from base C:\Users\Dimitri Nazarov\Documents\projects\game-life
350 verbose gentlyRm don't care about contents; nuking C:\Users\Dimitri Nazarov\Documents\projects\game-life\node_modules\sinon\node_modules\util
351 silly gentlyRm C:\Users\Dimitri Nazarov\Documents\projects\game-life\node_modules\sinon\node_modules\lolex is being purged from base C:\Users\Dimitri Nazarov\Documents\projects\game-life
352 verbose gentlyRm don't care about contents; nuking C:\Users\Dimitri Nazarov\Documents\projects\game-life\node_modules\sinon\node_modules\lolex
353 verbose tar unpack C:\Users\Dimitri Nazarov\AppData\Roaming\npm-cache\samsam\1.1.2\package.tgz
354 verbose tar unpacking to C:\Users\Dimitri Nazarov\Documents\projects\game-life\node_modules\sinon\node_modules\samsam
355 silly gentlyRm C:\Users\Dimitri Nazarov\Documents\projects\game-life\node_modules\sinon\node_modules\samsam is being purged
356 verbose gentlyRm don't care about contents; nuking C:\Users\Dimitri Nazarov\Documents\projects\game-life\node_modules\sinon\node_modules\samsam
357 verbose tar unpack C:\Users\Dimitri Nazarov\AppData\Roaming\npm-cache\util\0.10.3\package.tgz
358 verbose tar unpacking to C:\Users\Dimitri Nazarov\Documents\projects\game-life\node_modules\sinon\node_modules\util
359 silly gentlyRm C:\Users\Dimitri Nazarov\Documents\projects\game-life\node_modules\sinon\node_modules\util is being purged
360 verbose gentlyRm don't care about contents; nuking C:\Users\Dimitri Nazarov\Documents\projects\game-life\node_modules\sinon\node_modules\util
361 verbose tar unpack C:\Users\Dimitri Nazarov\AppData\Roaming\npm-cache\lolex\1.3.2\package.tgz
362 verbose tar unpacking to C:\Users\Dimitri Nazarov\Documents\projects\game-life\node_modules\sinon\node_modules\lolex
363 silly gentlyRm C:\Users\Dimitri Nazarov\Documents\projects\game-life\node_modules\sinon\node_modules\lolex is being purged
364 verbose gentlyRm don't care about contents; nuking C:\Users\Dimitri Nazarov\Documents\projects\game-life\node_modules\sinon\node_modules\lolex
365 silly gentlyRm C:\Users\Dimitri Nazarov\Documents\projects\game-life\node_modules\sinon\node_modules\formatio is being purged from base C:\Users\Dimitri Nazarov\Documents\projects\game-life
366 verbose gentlyRm don't care about contents; nuking C:\Users\Dimitri Nazarov\Documents\projects\game-life\node_modules\sinon\node_modules\formatio
367 silly gunzTarPerm modes [ '777', '666' ]
368 silly gunzTarPerm modes [ '777', '666' ]
369 silly gunzTarPerm modes [ '777', '666' ]
370 verbose tar unpack C:\Users\Dimitri Nazarov\AppData\Roaming\npm-cache\formatio\1.1.1\package.tgz
371 verbose tar unpacking to C:\Users\Dimitri Nazarov\Documents\projects\game-life\node_modules\sinon\node_modules\formatio
372 silly gentlyRm C:\Users\Dimitri Nazarov\Documents\projects\game-life\node_modules\sinon\node_modules\formatio is being purged
373 verbose gentlyRm don't care about contents; nuking C:\Users\Dimitri Nazarov\Documents\projects\game-life\node_modules\sinon\node_modules\formatio
374 silly gunzTarPerm modes [ '777', '666' ]
375 silly gunzTarPerm extractEntry package.json
376 silly gunzTarPerm modified mode [ 'package.json', 436, 438 ]
377 silly gunzTarPerm extractEntry .npmignore
378 silly gunzTarPerm modified mode [ '.npmignore', 436, 438 ]
379 silly gunzTarPerm extractEntry LICENSE
380 silly gunzTarPerm modified mode [ 'LICENSE', 436, 438 ]
381 silly gunzTarPerm extractEntry package.json
382 silly gunzTarPerm modified mode [ 'package.json', 420, 438 ]
383 silly gunzTarPerm extractEntry .npmignore
384 silly gunzTarPerm modified mode [ '.npmignore', 420, 438 ]
385 silly gunzTarPerm extractEntry README.md
386 silly gunzTarPerm modified mode [ 'README.md', 420, 438 ]
387 silly gunzTarPerm extractEntry package.json
388 silly gunzTarPerm modified mode [ 'package.json', 420, 438 ]
389 silly gunzTarPerm extractEntry autolint.js
390 silly gunzTarPerm modified mode [ 'autolint.js', 436, 438 ]
391 silly gunzTarPerm extractEntry .travis.yml
392 silly gunzTarPerm modified mode [ '.travis.yml', 436, 438 ]
393 silly gunzTarPerm extractEntry LICENSE
394 silly gunzTarPerm modified mode [ 'LICENSE', 420, 438 ]
395 silly gunzTarPerm extractEntry util.js
396 silly gunzTarPerm modified mode [ 'util.js', 420, 438 ]
397 silly gunzTarPerm extractEntry .npmignore
398 silly gunzTarPerm modified mode [ '.npmignore', 420, 438 ]
399 silly gunzTarPerm extractEntry LICENSE
400 silly gunzTarPerm modified mode [ 'LICENSE', 420, 438 ]
401 silly gunzTarPerm extractEntry AUTHORS
402 silly gunzTarPerm modified mode [ 'AUTHORS', 436, 438 ]
403 silly gunzTarPerm extractEntry Readme.md
404 silly gunzTarPerm modified mode [ 'Readme.md', 436, 438 ]
405 silly gunzTarPerm extractEntry .travis.yml
406 silly gunzTarPerm modified mode [ '.travis.yml', 420, 438 ]
407 silly gunzTarPerm extractEntry package.json
408 silly gunzTarPerm modified mode [ 'package.json', 420, 438 ]
409 silly gunzTarPerm extractEntry lolex.js
410 silly gunzTarPerm modified mode [ 'lolex.js', 420, 438 ]
411 silly gunzTarPerm extractEntry Readme.md
412 silly gunzTarPerm modified mode [ 'Readme.md', 420, 438 ]
413 silly gunzTarPerm extractEntry .travis.yml
414 silly gunzTarPerm modified mode [ '.travis.yml', 420, 438 ]
415 silly gunzTarPerm extractEntry .editorconfig
416 silly gunzTarPerm modified mode [ '.editorconfig', 420, 438 ]
417 silly gunzTarPerm extractEntry .jslintrc
418 silly gunzTarPerm modified mode [ '.jslintrc', 420, 438 ]
419 silly gunzTarPerm extractEntry src/lolex.js
420 silly gunzTarPerm modified mode [ 'src/lolex.js', 420, 438 ]
421 silly gunzTarPerm extractEntry .min-wd
422 silly gunzTarPerm modified mode [ '.min-wd', 420, 438 ]
423 silly gunzTarPerm extractEntry script/ci-test.sh
424 silly gunzTarPerm modified mode [ 'script/ci-test.sh', 493, 511 ]
425 silly gunzTarPerm extractEntry test/lolex-test.js
426 silly gunzTarPerm modified mode [ 'test/lolex-test.js', 420, 438 ]
427 silly gunzTarPerm extractEntry LICENSE
428 silly gunzTarPerm modified mode [ 'LICENSE', 420, 438 ]
429 silly gunzTarPerm extractEntry autolint.js
430 silly gunzTarPerm modified mode [ 'autolint.js', 420, 438 ]
431 silly gunzTarPerm extractEntry .zuul.yml
432 silly gunzTarPerm modified mode [ '.zuul.yml', 420, 438 ]
433 silly gunzTarPerm extractEntry support/isBuffer.js
434 silly gunzTarPerm modified mode [ 'support/isBuffer.js', 420, 438 ]
435 silly gunzTarPerm extractEntry jsTestDriver.conf
436 silly gunzTarPerm modified mode [ 'jsTestDriver.conf', 436, 438 ]
437 silly gunzTarPerm extractEntry lib/samsam.js
438 silly gunzTarPerm modified mode [ 'lib/samsam.js', 436, 438 ]
439 silly gunzTarPerm extractEntry test/samsam-test.js
440 silly gunzTarPerm modified mode [ 'test/samsam-test.js', 436, 438 ]
441 silly gunzTarPerm extractEntry buster.js
442 silly gunzTarPerm modified mode [ 'buster.js', 420, 438 ]
443 silly gunzTarPerm extractEntry .travis.yml
444 silly gunzTarPerm modified mode [ '.travis.yml', 420, 438 ]
445 silly gunzTarPerm extractEntry support/isBufferBrowser.js
446 silly gunzTarPerm modified mode [ 'support/isBufferBrowser.js', 420, 438 ]
447 silly gunzTarPerm extractEntry test/browser/inspect.js
448 silly gunzTarPerm modified mode [ 'test/browser/inspect.js', 420, 438 ]
449 silly gunzTarPerm extractEntry AUTHORS
450 silly gunzTarPerm modified mode [ 'AUTHORS', 420, 438 ]
451 silly gunzTarPerm extractEntry Readme.md
452 silly gunzTarPerm modified mode [ 'Readme.md', 420, 438 ]
453 silly gunzTarPerm extractEntry test/browser/is.js
454 silly gunzTarPerm modified mode [ 'test/browser/is.js', 420, 438 ]
455 silly gunzTarPerm extractEntry test/node/debug.js
456 silly gunzTarPerm modified mode [ 'test/node/debug.js', 420, 438 ]
457 silly gunzTarPerm extractEntry lib/formatio.js
458 silly gunzTarPerm modified mode [ 'lib/formatio.js', 420, 438 ]
459 silly gunzTarPerm extractEntry test/node/format.js
460 silly gunzTarPerm modified mode [ 'test/node/format.js', 420, 438 ]
461 silly gunzTarPerm extractEntry test/node/inspect.js
462 silly gunzTarPerm modified mode [ 'test/node/inspect.js', 420, 438 ]
463 silly gunzTarPerm extractEntry test/formatio-test.js
464 silly gunzTarPerm modified mode [ 'test/formatio-test.js', 420, 438 ]
465 silly gunzTarPerm extractEntry test/node/log.js
466 silly gunzTarPerm modified mode [ 'test/node/log.js', 420, 438 ]
467 silly gunzTarPerm extractEntry test/node/util.js
468 silly gunzTarPerm modified mode [ 'test/node/util.js', 420, 438 ]
469 verbose write writing to C:\Users\Dimitri Nazarov\Documents\projects\game-life\node_modules\sinon\node_modules\samsam\package.json
470 info preinstall samsam@1.1.2
471 verbose readDependencies loading dependencies from C:\Users\Dimitri Nazarov\Documents\projects\game-life\node_modules\sinon\node_modules\samsam\package.json
472 verbose write writing to C:\Users\Dimitri Nazarov\Documents\projects\game-life\node_modules\sinon\node_modules\formatio\package.json
473 verbose readDependencies loading dependencies from C:\Users\Dimitri Nazarov\Documents\projects\game-life\node_modules\sinon\node_modules\samsam\package.json
474 info preinstall formatio@1.1.1
475 silly install resolved []
476 verbose about to build C:\Users\Dimitri Nazarov\Documents\projects\game-life\node_modules\sinon\node_modules\samsam
477 info build C:\Users\Dimitri Nazarov\Documents\projects\game-life\node_modules\sinon\node_modules\samsam
478 verbose readDependencies loading dependencies from C:\Users\Dimitri Nazarov\Documents\projects\game-life\node_modules\sinon\node_modules\formatio\package.json
479 info linkStuff samsam@1.1.2
480 silly linkStuff samsam@1.1.2 has C:\Users\Dimitri Nazarov\Documents\projects\game-life\node_modules\sinon\node_modules as its parent node_modules
481 verbose readDependencies loading dependencies from C:\Users\Dimitri Nazarov\Documents\projects\game-life\node_modules\sinon\node_modules\formatio\package.json
482 silly install resolved []
483 verbose about to build C:\Users\Dimitri Nazarov\Documents\projects\game-life\node_modules\sinon\node_modules\formatio
484 info build C:\Users\Dimitri Nazarov\Documents\projects\game-life\node_modules\sinon\node_modules\formatio
485 verbose write writing to C:\Users\Dimitri Nazarov\Documents\projects\game-life\node_modules\sinon\node_modules\lolex\package.json
486 verbose linkBins samsam@1.1.2
487 verbose linkMans samsam@1.1.2
488 verbose rebuildBundles samsam@1.1.2
489 info linkStuff formatio@1.1.1
490 silly linkStuff formatio@1.1.1 has C:\Users\Dimitri Nazarov\Documents\projects\game-life\node_modules\sinon\node_modules as its parent node_modules
491 info install samsam@1.1.2
492 info preinstall lolex@1.3.2
493 info postinstall samsam@1.1.2
494 verbose readDependencies loading dependencies from C:\Users\Dimitri Nazarov\Documents\projects\game-life\node_modules\sinon\node_modules\lolex\package.json
495 verbose unlock done using C:\Users\Dimitri Nazarov\AppData\Roaming\npm-cache\_locks\samsam-a1f304a36e209ffd.lock for C:\Users\Dimitri Nazarov\Documents\projects\game-life\node_modules\sinon\node_modules\samsam
496 verbose readDependencies loading dependencies from C:\Users\Dimitri Nazarov\Documents\projects\game-life\node_modules\sinon\node_modules\lolex\package.json
497 verbose linkBins formatio@1.1.1
498 verbose linkMans formatio@1.1.1
499 verbose rebuildBundles formatio@1.1.1
500 info install formatio@1.1.1
501 info postinstall formatio@1.1.1
502 silly install resolved []
503 verbose about to build C:\Users\Dimitri Nazarov\Documents\projects\game-life\node_modules\sinon\node_modules\lolex
504 info build C:\Users\Dimitri Nazarov\Documents\projects\game-life\node_modules\sinon\node_modules\lolex
505 verbose unlock done using C:\Users\Dimitri Nazarov\AppData\Roaming\npm-cache\_locks\formatio-2fe10fc26df87d64.lock for C:\Users\Dimitri Nazarov\Documents\projects\game-life\node_modules\sinon\node_modules\formatio
506 verbose write writing to C:\Users\Dimitri Nazarov\Documents\projects\game-life\node_modules\sinon\node_modules\util\package.json
507 info linkStuff lolex@1.3.2
508 silly linkStuff lolex@1.3.2 has C:\Users\Dimitri Nazarov\Documents\projects\game-life\node_modules\sinon\node_modules as its parent node_modules
509 info preinstall util@0.10.3
510 verbose readDependencies loading dependencies from C:\Users\Dimitri Nazarov\Documents\projects\game-life\node_modules\sinon\node_modules\util\package.json
511 verbose linkBins lolex@1.3.2
512 verbose linkMans lolex@1.3.2
513 verbose rebuildBundles lolex@1.3.2
514 info install lolex@1.3.2
515 silly prepareForInstallMany adding inherits@2.0.1 from util dependencies
516 verbose readDependencies loading dependencies from C:\Users\Dimitri Nazarov\Documents\projects\game-life\node_modules\sinon\node_modules\util\package.json
517 info postinstall lolex@1.3.2
518 verbose unlock done using C:\Users\Dimitri Nazarov\AppData\Roaming\npm-cache\_locks\lolex-e15c5ba653ee958a.lock for C:\Users\Dimitri Nazarov\Documents\projects\game-life\node_modules\sinon\node_modules\lolex
519 silly cache add args [ 'inherits@2.0.1', null ]
520 verbose cache add spec inherits@2.0.1
521 silly cache add parsed spec Result {
521 silly cache add   raw: 'inherits@2.0.1',
521 silly cache add   scope: null,
521 silly cache add   name: 'inherits',
521 silly cache add   rawSpec: '2.0.1',
521 silly cache add   spec: '2.0.1',
521 silly cache add   type: 'version' }
522 silly addNamed inherits@2.0.1
523 verbose addNamed "2.0.1" is a plain semver version for inherits
524 silly mapToRegistry name inherits
525 silly mapToRegistry using default registry
526 silly mapToRegistry registry https://registry.npmjs.org/
527 silly mapToRegistry data Result {
527 silly mapToRegistry   raw: 'inherits',
527 silly mapToRegistry   scope: null,
527 silly mapToRegistry   name: 'inherits',
527 silly mapToRegistry   rawSpec: '',
527 silly mapToRegistry   spec: 'latest',
527 silly mapToRegistry   type: 'tag' }
528 silly mapToRegistry uri https://registry.npmjs.org/inherits
529 verbose addNameVersion registry:https://registry.npmjs.org/inherits not in flight; fetching
530 verbose request uri https://registry.npmjs.org/inherits
531 verbose request no auth needed
532 info attempt registry request try #1 at 14:30:07
533 verbose etag "A43HITG3ANYK3XESH3MXEKP8H"
534 http request GET https://registry.npmjs.org/inherits
535 http 200 https://registry.npmjs.org/inherits
536 verbose headers { server: 'CouchDB/1.5.0 (Erlang OTP/R16B03)',
536 verbose headers   etag: '"5MK1X7CLDAN053T6PPJEU108Z"',
536 verbose headers   'content-type': 'application/json',
536 verbose headers   'content-encoding': 'gzip',
536 verbose headers   'cache-control': 'max-age=300',
536 verbose headers   'content-length': '2711',
536 verbose headers   'accept-ranges': 'bytes',
536 verbose headers   date: 'Thu, 15 Sep 2016 07:29:42 GMT',
536 verbose headers   via: '1.1 varnish',
536 verbose headers   age: '237',
536 verbose headers   connection: 'keep-alive',
536 verbose headers   'x-served-by': 'cache-bma7031-BMA',
536 verbose headers   'x-cache': 'HIT',
536 verbose headers   'x-cache-hits': '26',
536 verbose headers   'x-timer': 'S1473924582.034920,VS0,VE0',
536 verbose headers   vary: 'Accept-Encoding' }
537 silly get cb [ 200,
537 silly get   { server: 'CouchDB/1.5.0 (Erlang OTP/R16B03)',
537 silly get     etag: '"5MK1X7CLDAN053T6PPJEU108Z"',
537 silly get     'content-type': 'application/json',
537 silly get     'content-encoding': 'gzip',
537 silly get     'cache-control': 'max-age=300',
537 silly get     'content-length': '2711',
537 silly get     'accept-ranges': 'bytes',
537 silly get     date: 'Thu, 15 Sep 2016 07:29:42 GMT',
537 silly get     via: '1.1 varnish',
537 silly get     age: '237',
537 silly get     connection: 'keep-alive',
537 silly get     'x-served-by': 'cache-bma7031-BMA',
537 silly get     'x-cache': 'HIT',
537 silly get     'x-cache-hits': '26',
537 silly get     'x-timer': 'S1473924582.034920,VS0,VE0',
537 silly get     vary: 'Accept-Encoding' } ]
538 verbose get saving inherits to C:\Users\Dimitri Nazarov\AppData\Roaming\npm-cache\registry.npmjs.org\inherits\.cache.json
539 verbose correctMkdir C:\Users\Dimitri Nazarov\AppData\Roaming\npm-cache correctMkdir not in flight; initializing
540 silly mapToRegistry name inherits
541 silly mapToRegistry using default registry
542 silly mapToRegistry registry https://registry.npmjs.org/
543 silly mapToRegistry data Result {
543 silly mapToRegistry   raw: 'inherits',
543 silly mapToRegistry   scope: null,
543 silly mapToRegistry   name: 'inherits',
543 silly mapToRegistry   rawSpec: '',
543 silly mapToRegistry   spec: 'latest',
543 silly mapToRegistry   type: 'tag' }
544 silly mapToRegistry uri https://registry.npmjs.org/inherits
545 verbose addRemoteTarball https://registry.npmjs.org/inherits/-/inherits-2.0.1.tgz not in flight; adding
546 verbose addRemoteTarball [ 'https://registry.npmjs.org/inherits/-/inherits-2.0.1.tgz',
546 verbose addRemoteTarball   'b17d08d326b4423e568eff719f91b0b1cbdf69f1' ]
547 info retry fetch attempt 1 at 14:30:07
548 info attempt registry request try #1 at 14:30:07
549 http fetch GET https://registry.npmjs.org/inherits/-/inherits-2.0.1.tgz
550 http fetch 200 https://registry.npmjs.org/inherits/-/inherits-2.0.1.tgz
551 silly fetchAndShaCheck shasum b17d08d326b4423e568eff719f91b0b1cbdf69f1
552 verbose addTmpTarball C:\Users\DIMITR~1\AppData\Local\Temp\npm-4748-5fbabe52\registry.npmjs.org\inherits\-\inherits-2.0.1.tgz not in flight; adding
553 verbose addTmpTarball already have metadata; skipping unpack for inherits@2.0.1
554 verbose correctMkdir C:\Users\Dimitri Nazarov\AppData\Roaming\npm-cache correctMkdir not in flight; initializing
555 silly cache afterAdd inherits@2.0.1
556 verbose afterAdd C:\Users\Dimitri Nazarov\AppData\Roaming\npm-cache\inherits\2.0.1\package\package.json not in flight; writing
557 verbose correctMkdir C:\Users\Dimitri Nazarov\AppData\Roaming\npm-cache correctMkdir not in flight; initializing
558 verbose afterAdd C:\Users\Dimitri Nazarov\AppData\Roaming\npm-cache\inherits\2.0.1\package\package.json written
559 silly install resolved [ { name: 'inherits',
559 silly install resolved     description: 'Browser-friendly inheritance fully compatible with standard node.js inherits()',
559 silly install resolved     version: '2.0.1',
559 silly install resolved     keywords:
559 silly install resolved      [ 'inheritance',
559 silly install resolved        'class',
559 silly install resolved        'klass',
559 silly install resolved        'oop',
559 silly install resolved        'object-oriented',
559 silly install resolved        'inherits',
559 silly install resolved        'browser',
559 silly install resolved        'browserify' ],
559 silly install resolved     main: './inherits.js',
559 silly install resolved     browser: './inherits_browser.js',
559 silly install resolved     repository: { type: 'git', url: 'git://github.com/isaacs/inherits' },
559 silly install resolved     license: 'ISC',
559 silly install resolved     scripts: { test: 'node test' },
559 silly install resolved     bugs: { url: 'https://github.com/isaacs/inherits/issues' },
559 silly install resolved     _id: 'inherits@2.0.1',
559 silly install resolved     dist:
559 silly install resolved      { shasum: 'b17d08d326b4423e568eff719f91b0b1cbdf69f1',
559 silly install resolved        tarball: 'https://registry.npmjs.org/inherits/-/inherits-2.0.1.tgz' },
559 silly install resolved     _from: 'inherits@2.0.1',
559 silly install resolved     _npmVersion: '1.3.8',
559 silly install resolved     _npmUser: { name: 'isaacs', email: 'i@izs.me' },
559 silly install resolved     maintainers: [ [Object] ],
559 silly install resolved     directories: {},
559 silly install resolved     _shasum: 'b17d08d326b4423e568eff719f91b0b1cbdf69f1',
559 silly install resolved     _resolved: 'https://registry.npmjs.org/inherits/-/inherits-2.0.1.tgz' } ]
560 info install inherits@2.0.1 into C:\Users\Dimitri Nazarov\Documents\projects\game-life\node_modules\sinon\node_modules\util
561 info installOne inherits@2.0.1
562 verbose installOne of inherits to C:\Users\Dimitri Nazarov\Documents\projects\game-life\node_modules\sinon\node_modules\util not in flight; installing
563 verbose correctMkdir C:\Users\Dimitri Nazarov\AppData\Roaming\npm-cache\_locks correctMkdir not in flight; initializing
564 verbose lock using C:\Users\Dimitri Nazarov\AppData\Roaming\npm-cache\_locks\inherits-7d8dfce7ca11089c.lock for C:\Users\Dimitri Nazarov\Documents\projects\game-life\node_modules\sinon\node_modules\util\node_modules\inherits
565 silly install write writing inherits 2.0.1 to C:\Users\Dimitri Nazarov\Documents\projects\game-life\node_modules\sinon\node_modules\util\node_modules\inherits
566 verbose unbuild node_modules\sinon\node_modules\util\node_modules\inherits
567 silly gentlyRm C:\Users\Dimitri Nazarov\Documents\projects\game-life\node_modules\sinon\node_modules\util\node_modules\inherits is being purged from base C:\Users\Dimitri Nazarov\Documents\projects\game-life
568 verbose gentlyRm don't care about contents; nuking C:\Users\Dimitri Nazarov\Documents\projects\game-life\node_modules\sinon\node_modules\util\node_modules\inherits
569 verbose tar unpack C:\Users\Dimitri Nazarov\AppData\Roaming\npm-cache\inherits\2.0.1\package.tgz
570 verbose tar unpacking to C:\Users\Dimitri Nazarov\Documents\projects\game-life\node_modules\sinon\node_modules\util\node_modules\inherits
571 silly gentlyRm C:\Users\Dimitri Nazarov\Documents\projects\game-life\node_modules\sinon\node_modules\util\node_modules\inherits is being purged
572 verbose gentlyRm don't care about contents; nuking C:\Users\Dimitri Nazarov\Documents\projects\game-life\node_modules\sinon\node_modules\util\node_modules\inherits
573 silly gunzTarPerm modes [ '777', '666' ]
574 silly gunzTarPerm extractEntry package.json
575 silly gunzTarPerm modified mode [ 'package.json', 420, 438 ]
576 silly gunzTarPerm extractEntry README.md
577 silly gunzTarPerm modified mode [ 'README.md', 420, 438 ]
578 silly gunzTarPerm extractEntry LICENSE
579 silly gunzTarPerm modified mode [ 'LICENSE', 420, 438 ]
580 silly gunzTarPerm extractEntry inherits.js
581 silly gunzTarPerm modified mode [ 'inherits.js', 420, 438 ]
582 silly gunzTarPerm extractEntry inherits_browser.js
583 silly gunzTarPerm modified mode [ 'inherits_browser.js', 420, 438 ]
584 silly gunzTarPerm extractEntry test.js
585 silly gunzTarPerm modified mode [ 'test.js', 420, 438 ]
586 verbose write writing to C:\Users\Dimitri Nazarov\Documents\projects\game-life\node_modules\sinon\node_modules\util\node_modules\inherits\package.json
587 info preinstall inherits@2.0.1
588 verbose readDependencies loading dependencies from C:\Users\Dimitri Nazarov\Documents\projects\game-life\node_modules\sinon\node_modules\util\node_modules\inherits\package.json
589 verbose readDependencies loading dependencies from C:\Users\Dimitri Nazarov\Documents\projects\game-life\node_modules\sinon\node_modules\util\node_modules\inherits\package.json
590 silly install resolved []
591 verbose about to build C:\Users\Dimitri Nazarov\Documents\projects\game-life\node_modules\sinon\node_modules\util\node_modules\inherits
592 info build C:\Users\Dimitri Nazarov\Documents\projects\game-life\node_modules\sinon\node_modules\util\node_modules\inherits
593 info linkStuff inherits@2.0.1
594 silly linkStuff inherits@2.0.1 has C:\Users\Dimitri Nazarov\Documents\projects\game-life\node_modules\sinon\node_modules\util\node_modules as its parent node_modules
595 verbose linkBins inherits@2.0.1
596 verbose linkMans inherits@2.0.1
597 verbose rebuildBundles inherits@2.0.1
598 info install inherits@2.0.1
599 info postinstall inherits@2.0.1
600 verbose unlock done using C:\Users\Dimitri Nazarov\AppData\Roaming\npm-cache\_locks\inherits-7d8dfce7ca11089c.lock for C:\Users\Dimitri Nazarov\Documents\projects\game-life\node_modules\sinon\node_modules\util\node_modules\inherits
601 verbose about to build C:\Users\Dimitri Nazarov\Documents\projects\game-life\node_modules\sinon\node_modules\util
602 info build C:\Users\Dimitri Nazarov\Documents\projects\game-life\node_modules\sinon\node_modules\util
603 info linkStuff util@0.10.3
604 silly linkStuff util@0.10.3 has C:\Users\Dimitri Nazarov\Documents\projects\game-life\node_modules\sinon\node_modules as its parent node_modules
605 verbose linkBins util@0.10.3
606 verbose linkMans util@0.10.3
607 verbose rebuildBundles util@0.10.3
608 verbose rebuildBundles [ 'inherits' ]
609 info install util@0.10.3
610 info postinstall util@0.10.3
611 verbose unlock done using C:\Users\Dimitri Nazarov\AppData\Roaming\npm-cache\_locks\util-b89f53394073c0d0.lock for C:\Users\Dimitri Nazarov\Documents\projects\game-life\node_modules\sinon\node_modules\util
612 verbose about to build C:\Users\Dimitri Nazarov\Documents\projects\game-life\node_modules\sinon
613 info build C:\Users\Dimitri Nazarov\Documents\projects\game-life\node_modules\sinon
614 info linkStuff sinon@1.17.5
615 silly linkStuff sinon@1.17.5 has C:\Users\Dimitri Nazarov\Documents\projects\game-life\node_modules as its parent node_modules
616 verbose linkBins sinon@1.17.5
617 verbose linkMans sinon@1.17.5
618 verbose rebuildBundles sinon@1.17.5
619 verbose rebuildBundles [ 'formatio', 'lolex', 'samsam', 'util' ]
620 info install sinon@1.17.5
621 info postinstall sinon@1.17.5
622 verbose unlock done using C:\Users\Dimitri Nazarov\AppData\Roaming\npm-cache\_locks\sinon-28ac84981ddc3c4b.lock for C:\Users\Dimitri Nazarov\Documents\projects\game-life\node_modules\sinon
623 verbose validateInstall loading C:\Users\Dimitri Nazarov\Documents\projects\game-life\package.json for validation
624 verbose stack Error: The package react@0.14.8 does not satisfy its siblings' peerDependencies requirements!
624 verbose stack     at C:\Program Files\nodejs\node_modules\npm\lib\install.js:125:32
624 verbose stack     at C:\Program Files\nodejs\node_modules\npm\lib\install.js:268:7
624 verbose stack     at C:\Program Files\nodejs\node_modules\npm\node_modules\read-installed\read-installed.js:142:5
624 verbose stack     at C:\Program Files\nodejs\node_modules\npm\node_modules\read-installed\read-installed.js:263:14
624 verbose stack     at cb (C:\Program Files\nodejs\node_modules\npm\node_modules\slide\lib\async-map.js:47:24)
624 verbose stack     at C:\Program Files\nodejs\node_modules\npm\node_modules\read-installed\read-installed.js:263:14
624 verbose stack     at cb (C:\Program Files\nodejs\node_modules\npm\node_modules\slide\lib\async-map.js:47:24)
624 verbose stack     at C:\Program Files\nodejs\node_modules\npm\node_modules\read-installed\read-installed.js:263:14
624 verbose stack     at cb (C:\Program Files\nodejs\node_modules\npm\node_modules\slide\lib\async-map.js:47:24)
624 verbose stack     at C:\Program Files\nodejs\node_modules\npm\node_modules\read-installed\read-installed.js:263:14
625 verbose cwd C:\Users\Dimitri Nazarov\Documents\projects\game-life
626 error Windows_NT 6.3.9600
627 error argv "C:\\Program Files\\nodejs\\node.exe" "C:\\Program Files\\nodejs\\node_modules\\npm\\bin\\npm-cli.js" "install" "sinon" "--save"
628 error node v4.5.0
629 error npm  v2.15.9
630 error code EPEERINVALID
631 error peerinvalid The package react@0.14.8 does not satisfy its siblings' peerDependencies requirements!
631 error peerinvalid Peer enzyme@2.4.1 wants react@0.13.x || 0.14.x || ^15.0.0-0
631 error peerinvalid Peer react-dom@0.14.8 wants react@^0.14.8
631 error peerinvalid Peer react-redux@4.4.5 wants react@^0.14.0 || ^15.0.0-0
631 error peerinvalid Peer react-addons-test-utils@15.3.1 wants react@^15.3.1
631 error peerinvalid Peer react-thunk@1.0.0 wants react@~0.14.0 || ^15.0.0
632 verbose exit [ 1, true ]
